2016-11-11 02:54:09.546 INFO  [AWT-EventQueue-0 2016.2.5#IU-162.2228.15 IDEA, eap:false, os:Linux 4.8.6-1-arch, java-version:JetBrains s.r.o 1.8.0_112-release-287-b3] StatsNotificationComponent - Number of redeploys on start: 0, saved in ide prefs: 0, can run: true
2016-11-11 02:54:09.551 INFO  [AWT-EventQueue-0 2016.2.5#IU-162.2228.15 IDEA, eap:false, os:Linux 4.8.6-1-arch, java-version:JetBrains s.r.o 1.8.0_112-release-287-b3] JRebelLicensing - addActivationFinishedListener org.zeroturnaround.jrebel.client.licensing.JRebelLicensingCLI@14f4ab01
2016-11-11 02:54:09.563 INFO  [AWT-EventQueue-0 2016.2.5#IU-162.2228.15 IDEA, eap:false, os:Linux 4.8.6-1-arch, java-version:JetBrains s.r.o 1.8.0_112-release-287-b3] IdeaLog - Java version: 1.8.0_112-release
JRebel version used: 6.5.2 (201610171405) legacy
IntelliJ IDEA IU-162.2228.15 JRebel plugin: 6.5.2

2016-11-11 02:54:09.591 INFO  [AWT-EventQueue-0 2016.2.5#IU-162.2228.15 IDEA, eap:false, os:Linux 4.8.6-1-arch, java-version:JetBrains s.r.o 1.8.0_112-release-287-b3] RebelBaseUtils - log file: jrebel-intellij.log
2016-11-11 02:54:09.620 INFO  [AWT-EventQueue-0 2016.2.5#IU-162.2228.15 IDEA, eap:false, os:Linux 4.8.6-1-arch, java-version:JetBrains s.r.o 1.8.0_112-release-287-b3] CommonStartup - started successfully
2016-11-11 02:54:09.626 INFO  [AWT-EventQueue-0 2016.2.5#IU-162.2228.15 IDEA, eap:false, os:Linux 4.8.6-1-arch, java-version:JetBrains s.r.o 1.8.0_112-release-287-b3] LicenseNotifier - suspendNewNotifications
2016-11-11 02:54:09.696 INFO  [AWT-EventQueue-0 2016.2.5#IU-162.2228.15 IDEA, eap:false, os:Linux 4.8.6-1-arch, java-version:JetBrains s.r.o 1.8.0_112-release-287-b3] Licensing - === Event: getCurrentLicense
2016-11-11 02:54:09.706 INFO  [AWT-EventQueue-0 2016.2.5#IU-162.2228.15 IDEA, eap:false, os:Linux 4.8.6-1-arch, java-version:JetBrains s.r.o 1.8.0_112-release-287-b3] Licensing - Trying licenseServer licensing ..
2016-11-11 02:54:09.706 INFO  [AWT-EventQueue-0 2016.2.5#IU-162.2228.15 IDEA, eap:false, os:Linux 4.8.6-1-arch, java-version:JetBrains s.r.o 1.8.0_112-release-287-b3] Licensing -  --> This licensing source didn't find valid licensing
2016-11-11 02:54:09.706 INFO  [AWT-EventQueue-0 2016.2.5#IU-162.2228.15 IDEA, eap:false, os:Linux 4.8.6-1-arch, java-version:JetBrains s.r.o 1.8.0_112-release-287-b3] Licensing - Trying license file licensing ..
2016-11-11 02:54:09.706 INFO  [AWT-EventQueue-0 2016.2.5#IU-162.2228.15 IDEA, eap:false, os:Linux 4.8.6-1-arch, java-version:JetBrains s.r.o 1.8.0_112-release-287-b3] Licensing - Attempting to load license file from: /home/qinhulin/.jrebel/jrebel.lic
2016-11-11 02:54:09.706 INFO  [AWT-EventQueue-0 2016.2.5#IU-162.2228.15 IDEA, eap:false, os:Linux 4.8.6-1-arch, java-version:JetBrains s.r.o 1.8.0_112-release-287-b3] Licensing - Attempting to load license file from: /home/qinhulin/jrebel.lic
2016-11-11 02:54:09.706 INFO  [AWT-EventQueue-0 2016.2.5#IU-162.2228.15 IDEA, eap:false, os:Linux 4.8.6-1-arch, java-version:JetBrains s.r.o 1.8.0_112-release-287-b3] Licensing -  --> This licensing source didn't find valid licensing
2016-11-11 02:54:09.706 INFO  [AWT-EventQueue-0 2016.2.5#IU-162.2228.15 IDEA, eap:false, os:Linux 4.8.6-1-arch, java-version:JetBrains s.r.o 1.8.0_112-release-287-b3] Licensing - Trying myJRebel licensing ..
2016-11-11 02:54:09.707 INFO  [AWT-EventQueue-0 2016.2.5#IU-162.2228.15 IDEA, eap:false, os:Linux 4.8.6-1-arch, java-version:JetBrains s.r.o 1.8.0_112-release-287-b3] Licensing -  --> This licensing source didn't find valid licensing
2016-11-11 02:54:09.707 WARN  [AWT-EventQueue-0 2016.2.5#IU-162.2228.15 IDEA, eap:false, os:Linux 4.8.6-1-arch, java-version:JetBrains s.r.o 1.8.0_112-release-287-b3] Licensing - All licenses sources have failed!
2016-11-11 02:54:09.708 INFO  [AWT-EventQueue-0 2016.2.5#IU-162.2228.15 IDEA, eap:false, os:Linux 4.8.6-1-arch, java-version:JetBrains s.r.o 1.8.0_112-release-287-b3] Licensing - Licensing exception: UNABLE TO INITIALIZE LICENSING - NO LICENSE FOUND
2016-11-11 02:54:09.719 INFO  [AWT-EventQueue-0 2016.2.5#IU-162.2228.15 IDEA, eap:false, os:Linux 4.8.6-1-arch, java-version:JetBrains s.r.o 1.8.0_112-release-287-b3] JRebelLicensing - addActivationFinishedListener org.zeroturnaround.jrebel.ide.common.notifications.LicenseNotifier@3c8516ad
2016-11-11 02:54:09.721 INFO  [rebel.lwatch] Licensing - === Event: getCurrentLicense
2016-11-11 02:54:09.721 INFO  [rebel.lwatch] Licensing - Trying licenseServer licensing ..
2016-11-11 02:54:09.730 INFO  [rebel.lwatch] Licensing -  --> This licensing source didn't find valid licensing
2016-11-11 02:54:09.731 INFO  [rebel.lwatch] Licensing - Trying license file licensing ..
2016-11-11 02:54:09.733 INFO  [rebel.lwatch] Licensing - Attempting to load license file from: /home/qinhulin/.jrebel/jrebel.lic
2016-11-11 02:54:09.734 INFO  [rebel.lwatch] Licensing - Attempting to load license file from: /home/qinhulin/jrebel.lic
2016-11-11 02:54:09.734 INFO  [rebel.lwatch] Licensing -  --> This licensing source didn't find valid licensing
2016-11-11 02:54:09.739 INFO  [rebel.lwatch] Licensing - Trying myJRebel licensing ..
2016-11-11 02:54:09.740 INFO  [rebel.lwatch] Licensing -  --> This licensing source didn't find valid licensing
2016-11-11 02:54:09.740 WARN  [rebel.lwatch] Licensing - All licenses sources have failed!
2016-11-11 02:54:09.741 INFO  [rebel.lwatch] Licensing - Licensing exception: UNABLE TO INITIALIZE LICENSING - NO LICENSE FOUND
2016-11-11 02:54:13.447 INFO  [pool-9-thread-1] NotificationServer - Using port 17434 for notification server.
2016-11-11 02:54:20.270 INFO  [AWT-EventQueue-0 2016.2.5#IU-162.2228.15 IDEA, eap:false, os:Linux 4.8.6-1-arch, java-version:JetBrains s.r.o 1.8.0_112-release-287-b3] IdeNPSShower - NPS Shower instance has been inited
2016-11-11 02:54:24.673 INFO  [pool-4-thread-1] Licensing - === Event: getCurrentLicense
2016-11-11 02:54:24.673 INFO  [pool-4-thread-1] Licensing - Trying licenseServer licensing ..
2016-11-11 02:54:24.673 INFO  [pool-4-thread-1] Licensing -  --> This licensing source didn't find valid licensing
2016-11-11 02:54:24.673 INFO  [pool-4-thread-1] Licensing - Trying license file licensing ..
2016-11-11 02:54:24.673 INFO  [pool-4-thread-1] Licensing - Attempting to load license file from: /home/qinhulin/.jrebel/jrebel.lic
2016-11-11 02:54:24.673 INFO  [pool-4-thread-1] Licensing - Attempting to load license file from: /home/qinhulin/jrebel.lic
2016-11-11 02:54:24.673 INFO  [pool-4-thread-1] Licensing -  --> This licensing source didn't find valid licensing
2016-11-11 02:54:24.673 INFO  [pool-4-thread-1] Licensing - Trying myJRebel licensing ..
2016-11-11 02:54:24.673 INFO  [pool-4-thread-1] Licensing -  --> This licensing source didn't find valid licensing
2016-11-11 02:54:24.673 WARN  [pool-4-thread-1] Licensing - All licenses sources have failed!
2016-11-11 02:54:24.673 INFO  [pool-4-thread-1] Licensing - Licensing exception: UNABLE TO INITIALIZE LICENSING - NO LICENSE FOUND
2016-11-11 02:54:24.673 INFO  [pool-4-thread-1] LicenseCheck - License check result false
2016-11-11 02:54:24.673 INFO  [pool-4-thread-1] LicenseCheck - Error: You do not have a valid license!
2016-11-11 02:54:24.681 INFO  [rebel-intellij-startup] LicenseNotifier - resumeNewNotifications
2016-11-11 02:54:24.687 INFO  [rebel-UserNotifications_queueProcessor] Licensing - === Event: getCurrentLicense
2016-11-11 02:54:24.687 INFO  [rebel-UserNotifications_queueProcessor] Licensing - Trying licenseServer licensing ..
2016-11-11 02:54:24.687 INFO  [rebel-UserNotifications_queueProcessor] Licensing -  --> This licensing source didn't find valid licensing
2016-11-11 02:54:24.687 INFO  [rebel-UserNotifications_queueProcessor] Licensing - Trying license file licensing ..
2016-11-11 02:54:24.687 INFO  [rebel-UserNotifications_queueProcessor] Licensing - Attempting to load license file from: /home/qinhulin/.jrebel/jrebel.lic
2016-11-11 02:54:24.687 INFO  [rebel-UserNotifications_queueProcessor] Licensing - Attempting to load license file from: /home/qinhulin/jrebel.lic
2016-11-11 02:54:24.687 INFO  [rebel-UserNotifications_queueProcessor] Licensing -  --> This licensing source didn't find valid licensing
2016-11-11 02:54:24.687 INFO  [rebel-UserNotifications_queueProcessor] Licensing - Trying myJRebel licensing ..
2016-11-11 02:54:24.687 INFO  [rebel-UserNotifications_queueProcessor] Licensing -  --> This licensing source didn't find valid licensing
2016-11-11 02:54:24.687 WARN  [rebel-UserNotifications_queueProcessor] Licensing - All licenses sources have failed!
2016-11-11 02:54:24.687 INFO  [rebel-UserNotifications_queueProcessor] Licensing - Licensing exception: UNABLE TO INITIALIZE LICENSING - NO LICENSE FOUND
2016-11-11 02:54:24.720 INFO  [pool-7-thread-1] Licensing - === Event: getCurrentLicense
2016-11-11 02:54:24.720 INFO  [pool-7-thread-1] Licensing - Trying licenseServer licensing ..
2016-11-11 02:54:24.720 INFO  [pool-7-thread-1] Licensing -  --> This licensing source didn't find valid licensing
2016-11-11 02:54:24.720 INFO  [pool-7-thread-1] Licensing - Trying license file licensing ..
2016-11-11 02:54:24.720 INFO  [pool-7-thread-1] Licensing - Attempting to load license file from: /home/qinhulin/.jrebel/jrebel.lic
2016-11-11 02:54:24.720 INFO  [pool-7-thread-1] Licensing - Attempting to load license file from: /home/qinhulin/jrebel.lic
2016-11-11 02:54:24.720 INFO  [pool-7-thread-1] Licensing -  --> This licensing source didn't find valid licensing
2016-11-11 02:54:24.720 INFO  [pool-7-thread-1] Licensing - Trying myJRebel licensing ..
2016-11-11 02:54:24.720 INFO  [pool-7-thread-1] Licensing -  --> This licensing source didn't find valid licensing
2016-11-11 02:54:24.720 WARN  [pool-7-thread-1] Licensing - All licenses sources have failed!
2016-11-11 02:54:24.720 INFO  [pool-7-thread-1] Licensing - Licensing exception: UNABLE TO INITIALIZE LICENSING - NO LICENSE FOUND
2016-11-11 02:55:58.922 INFO  [LicenseDataPanelThread] Licensing - === Event: getCurrentLicense
2016-11-11 02:55:58.922 INFO  [LicenseDataPanelThread] Licensing - Trying licenseServer licensing ..
2016-11-11 02:55:58.922 INFO  [LicenseDataPanelThread] Licensing -  --> This licensing source didn't find valid licensing
2016-11-11 02:55:58.922 INFO  [LicenseDataPanelThread] Licensing - Trying license file licensing ..
2016-11-11 02:55:58.922 INFO  [LicenseDataPanelThread] Licensing - Attempting to load license file from: /home/qinhulin/.jrebel/jrebel.lic
2016-11-11 02:55:58.922 INFO  [LicenseDataPanelThread] Licensing - Attempting to load license file from: /home/qinhulin/jrebel.lic
2016-11-11 02:55:58.922 INFO  [LicenseDataPanelThread] Licensing -  --> This licensing source didn't find valid licensing
2016-11-11 02:55:58.922 INFO  [LicenseDataPanelThread] Licensing - Trying myJRebel licensing ..
2016-11-11 02:55:58.922 INFO  [LicenseDataPanelThread] Licensing -  --> This licensing source didn't find valid licensing
2016-11-11 02:55:58.922 WARN  [LicenseDataPanelThread] Licensing - All licenses sources have failed!
2016-11-11 02:55:58.922 INFO  [LicenseDataPanelThread] Licensing - Licensing exception: UNABLE TO INITIALIZE LICENSING - NO LICENSE FOUND
2016-11-11 02:56:01.227 INFO  [ApplicationImpl pooled thread 4] Licensing - === Event: getCurrentLicense
2016-11-11 02:56:01.227 INFO  [ApplicationImpl pooled thread 4] Licensing - Trying licenseServer licensing ..
2016-11-11 02:56:01.227 INFO  [ApplicationImpl pooled thread 4] Licensing -  --> This licensing source didn't find valid licensing
2016-11-11 02:56:01.228 INFO  [ApplicationImpl pooled thread 4] Licensing - Trying license file licensing ..
2016-11-11 02:56:01.228 INFO  [ApplicationImpl pooled thread 4] Licensing - Attempting to load license file from: /home/qinhulin/.jrebel/jrebel.lic
2016-11-11 02:56:01.228 INFO  [ApplicationImpl pooled thread 4] Licensing - Attempting to load license file from: /home/qinhulin/jrebel.lic
2016-11-11 02:56:01.228 INFO  [ApplicationImpl pooled thread 4] Licensing -  --> This licensing source didn't find valid licensing
2016-11-11 02:56:01.228 INFO  [ApplicationImpl pooled thread 4] Licensing - Trying myJRebel licensing ..
2016-11-11 02:56:01.228 INFO  [ApplicationImpl pooled thread 4] Licensing -  --> This licensing source didn't find valid licensing
2016-11-11 02:56:01.228 WARN  [ApplicationImpl pooled thread 4] Licensing - All licenses sources have failed!
2016-11-11 02:56:01.228 INFO  [ApplicationImpl pooled thread 4] Licensing - Licensing exception: UNABLE TO INITIALIZE LICENSING - NO LICENSE FOUND
2016-11-11 02:56:01.240 INFO  [AWT-EventQueue-0 2016.2.5#IU-162.2228.15 IDEA, eap:false, os:Linux 4.8.6-1-arch, java-version:JetBrains s.r.o 1.8.0_112-release-287-b3] LicenseNotifier - suspendNewNotifications
2016-11-11 02:56:01.340 INFO  [AWT-EventQueue-0 2016.2.5#IU-162.2228.15 IDEA, eap:false, os:Linux 4.8.6-1-arch, java-version:JetBrains s.r.o 1.8.0_112-release-287-b3] JRebelLicensing - addActivationFinishedListener com.zeroturnaround.javarebel.idea.plugin.settings.ActivationDialogController@8dcf5ac
2016-11-11 02:56:10.396 INFO  [pool-12-thread-1] Licensing-myJRebel - Querying server for subscription token ..
2016-11-11 02:56:10.432 INFO  [pool-12-thread-1] Licensing - Generated installation GUID is PE/ROPxZX6PsUG6pXqZZjyhjoV93sQc36h2YRviSbl0=
2016-11-11 02:56:10.432 INFO  [pool-12-thread-1] Licensing-myJRebel - Installation string to be signed: qinhulin;/home/qinhulin;PE/ROPxZX6PsUG6pXqZZjyhjoV93sQc36h2YRviSbl0=
2016-11-11 02:56:10.513 INFO  [pool-12-thread-1] Licensing-myJRebel - Contacting myJRebel server ..
2016-11-11 02:56:10.513 INFO  [pool-12-thread-1] Licensing-myJRebel - Sending HTTPS request to the server [ https://my.jrebel.com:443/headless/subscription-token ]
2016-11-11 02:56:11.941 INFO  [pool-12-thread-1] Licensing-myJRebel - Request complete, status-code is 200
2016-11-11 02:56:11.973 INFO  [pool-12-thread-1] JRebelLicensingCLI - Sending activation message
2016-11-11 02:56:11.975 INFO  [LicenseDataPanelThread] Licensing - === Event: getCurrentLicense
2016-11-11 02:56:11.975 INFO  [LicenseDataPanelThread] Licensing - Trying myJRebel licensing ..
2016-11-11 02:56:11.981 INFO  [LicenseDataPanelThread] Licensing-myJRebel - Querying server for subscription token ..
2016-11-11 02:56:11.982 INFO  [LicenseDataPanelThread] Licensing-myJRebel - Installation string to be signed: qinhulin;/home/qinhulin;PE/ROPxZX6PsUG6pXqZZjyhjoV93sQc36h2YRviSbl0=
2016-11-11 02:56:12.001 INFO  [LicenseDataPanelThread] Licensing-myJRebel - Contacting myJRebel server ..
2016-11-11 02:56:12.001 INFO  [LicenseDataPanelThread] Licensing-myJRebel - Sending HTTPS request to the server [ https://my.jrebel.com:443/headless/subscription-token ]
2016-11-11 02:56:13.412 INFO  [LicenseDataPanelThread] Licensing-myJRebel - Request complete, status-code is 200
2016-11-11 02:56:13.415 INFO  [LicenseDataPanelThread] Licensing-myJRebel - String signed by server (probably) was: '1478804173302;1478847373303;1478890573303;LICENSE_SERVER_FLAG,SOCIAL_FLAG;LIMITED_LICENSE;xQYDbbiM6oc=;gey5lRnLJzM='
2016-11-11 02:56:13.421 INFO  [LicenseDataPanelThread] Licensing-myJRebel - Signature ok!
2016-11-11 02:56:13.422 INFO  [LicenseDataPanelThread] Licensing - New subscription token persisted
2016-11-11 02:56:13.423 INFO  [LicenseDataPanelThread] Licensing-myJRebel - Valid subscription token received: com.zeroturnaround.javarebel.ar@3f25d9da[requestResult=responseStatusSuccess,tokenCreationTime=2016-11-11,recommendedUpdateTime=2016-11-11,expirationTime=2016-11-12,productEndTime=<null>,customerFullName=Hurley Chin,randomnessFromServer=gey5lRnLJzM=]
2016-11-11 02:56:13.423 INFO  [LicenseDataPanelThread] Licensing-myJRebel - String signed by server (probably) was: '1478804173302;1478847373303;1478890573303;LICENSE_SERVER_FLAG,SOCIAL_FLAG;LIMITED_LICENSE;xQYDbbiM6oc=;gey5lRnLJzM='
2016-11-11 02:56:13.424 INFO  [LicenseDataPanelThread] Licensing-myJRebel - Signature ok!
2016-11-11 02:56:57.294 INFO  [AWT-EventQueue-0 2016.2.5#IU-162.2228.15 IDEA, eap:false, os:Linux 4.8.6-1-arch, java-version:JetBrains s.r.o 1.8.0_112-release-287-b3] LicenseNotifier - resumeNewNotifications
2016-11-11 02:56:57.355 INFO  [AWT-EventQueue-0 2016.2.5#IU-162.2228.15 IDEA, eap:false, os:Linux 4.8.6-1-arch, java-version:JetBrains s.r.o 1.8.0_112-release-287-b3] JRebelLicensing - removeActivationFinishedListener com.zeroturnaround.javarebel.idea.plugin.settings.ActivationDialogController@8dcf5ac
2016-11-11 03:07:09.905 INFO  [AWT-EventQueue-0 2016.2.5#IU-162.2228.15 IDEA, eap:false, os:Linux 4.8.6-1-arch, java-version:JetBrains s.r.o 1.8.0_112-release-287-b3] LicenseNotifier - suspendNewNotifications
2016-11-11 03:07:09.970 INFO  [AWT-EventQueue-0 2016.2.5#IU-162.2228.15 IDEA, eap:false, os:Linux 4.8.6-1-arch, java-version:JetBrains s.r.o 1.8.0_112-release-287-b3] JRebelLicensing - addActivationFinishedListener com.zeroturnaround.javarebel.idea.plugin.settings.ActivationDialogController@3b55a8a9
2016-11-11 03:07:12.572 INFO  [AWT-EventQueue-0 2016.2.5#IU-162.2228.15 IDEA, eap:false, os:Linux 4.8.6-1-arch, java-version:JetBrains s.r.o 1.8.0_112-release-287-b3] LicenseNotifier - resumeNewNotifications
2016-11-11 03:07:12.576 INFO  [AWT-EventQueue-0 2016.2.5#IU-162.2228.15 IDEA, eap:false, os:Linux 4.8.6-1-arch, java-version:JetBrains s.r.o 1.8.0_112-release-287-b3] JRebelLicensing - removeActivationFinishedListener com.zeroturnaround.javarebel.idea.plugin.settings.ActivationDialogController@3b55a8a9
2016-11-11 18:04:16.448 INFO  [AWT-EventQueue-0 2016.2.5#IU-162.2228.15 IDEA, eap:false, os:Linux 4.8.6-1-arch, java-version:JetBrains s.r.o 1.8.0_112-release-287-b3] StatsNotificationComponent - Number of redeploys on start: 0, saved in ide prefs: 0, can run: true
2016-11-11 18:04:16.452 INFO  [AWT-EventQueue-0 2016.2.5#IU-162.2228.15 IDEA, eap:false, os:Linux 4.8.6-1-arch, java-version:JetBrains s.r.o 1.8.0_112-release-287-b3] JRebelLicensing - addActivationFinishedListener org.zeroturnaround.jrebel.client.licensing.JRebelLicensingCLI@6e130358
2016-11-11 18:04:16.464 INFO  [AWT-EventQueue-0 2016.2.5#IU-162.2228.15 IDEA, eap:false, os:Linux 4.8.6-1-arch, java-version:JetBrains s.r.o 1.8.0_112-release-287-b3] IdeaLog - Java version: 1.8.0_112-release
JRebel version used: 6.5.2 (201610171405) legacy
IntelliJ IDEA IU-162.2228.15 JRebel plugin: 6.5.2

2016-11-11 18:04:16.473 INFO  [AWT-EventQueue-0 2016.2.5#IU-162.2228.15 IDEA, eap:false, os:Linux 4.8.6-1-arch, java-version:JetBrains s.r.o 1.8.0_112-release-287-b3] RebelBaseUtils - log file: jrebel-intellij.log
2016-11-11 18:04:16.473 INFO  [AWT-EventQueue-0 2016.2.5#IU-162.2228.15 IDEA, eap:false, os:Linux 4.8.6-1-arch, java-version:JetBrains s.r.o 1.8.0_112-release-287-b3] RebelBaseUtils - log file: jrebel-licensing.log
2016-11-11 18:04:16.492 INFO  [AWT-EventQueue-0 2016.2.5#IU-162.2228.15 IDEA, eap:false, os:Linux 4.8.6-1-arch, java-version:JetBrains s.r.o 1.8.0_112-release-287-b3] CommonStartup - started successfully
2016-11-11 18:04:16.494 INFO  [AWT-EventQueue-0 2016.2.5#IU-162.2228.15 IDEA, eap:false, os:Linux 4.8.6-1-arch, java-version:JetBrains s.r.o 1.8.0_112-release-287-b3] LicenseNotifier - suspendNewNotifications
2016-11-11 18:04:16.497 INFO  [AWT-EventQueue-0 2016.2.5#IU-162.2228.15 IDEA, eap:false, os:Linux 4.8.6-1-arch, java-version:JetBrains s.r.o 1.8.0_112-release-287-b3] JRebelLicensing - addActivationFinishedListener org.zeroturnaround.jrebel.ide.common.notifications.LicenseNotifier@50e1b1ae
2016-11-11 18:04:16.622 INFO  [rebel.lwatch] Licensing - === Event: getCurrentLicense
2016-11-11 18:04:16.644 INFO  [rebel.lwatch] Licensing - Trying myJRebel licensing ..
2016-11-11 18:04:16.648 INFO  [rebel.lwatch] Licensing-myJRebel - Querying server for subscription token ..
2016-11-11 18:04:16.677 INFO  [rebel.lwatch] Licensing - Current installation GUID is PE/ROPxZX6PsUG6pXqZZjyhjoV93sQc36h2YRviSbl0=
2016-11-11 18:04:16.677 INFO  [rebel.lwatch] Licensing-myJRebel - Installation string to be signed: qinhulin;/home/qinhulin;PE/ROPxZX6PsUG6pXqZZjyhjoV93sQc36h2YRviSbl0=
2016-11-11 18:04:16.747 INFO  [rebel.lwatch] Licensing-myJRebel - Contacting myJRebel server ..
2016-11-11 18:04:16.747 INFO  [rebel.lwatch] Licensing-myJRebel - Sending HTTPS request to the server [ https://my.jrebel.com:443/headless/subscription-token ]
2016-11-11 18:04:18.357 INFO  [rebel.lwatch] Licensing-myJRebel - Request complete, status-code is 200
2016-11-11 18:04:18.389 INFO  [rebel.lwatch] Licensing-myJRebel - String signed by server (probably) was: '1478858658205;1478901858207;1478945058207;LICENSE_SERVER_FLAG,SOCIAL_FLAG;LIMITED_LICENSE;D6Vn4d0jGYE=;4YhZ+Bk8Hbo='
2016-11-11 18:04:18.396 INFO  [rebel.lwatch] Licensing-myJRebel - Signature ok!
2016-11-11 18:04:18.399 INFO  [rebel.lwatch] Licensing - New subscription token persisted
2016-11-11 18:04:18.404 INFO  [rebel.lwatch] Licensing-myJRebel - Valid subscription token received: com.zeroturnaround.javarebel.ar@547ac73c[requestResult=responseStatusSuccess,tokenCreationTime=2016-11-11,recommendedUpdateTime=2016-11-12,expirationTime=2016-11-12,productEndTime=<null>,customerFullName=Hurley Chin,randomnessFromServer=4YhZ+Bk8Hbo=]
2016-11-11 18:04:18.404 INFO  [rebel.lwatch] Licensing-myJRebel - String signed by server (probably) was: '1478858658205;1478901858207;1478945058207;LICENSE_SERVER_FLAG,SOCIAL_FLAG;LIMITED_LICENSE;D6Vn4d0jGYE=;4YhZ+Bk8Hbo='
2016-11-11 18:04:18.405 INFO  [rebel.lwatch] Licensing-myJRebel - Signature ok!
2016-11-11 18:04:20.060 INFO  [pool-9-thread-1] NotificationServer - Using port 17434 for notification server.
2016-11-11 18:04:26.530 INFO  [AWT-EventQueue-0 2016.2.5#IU-162.2228.15 IDEA, eap:false, os:Linux 4.8.6-1-arch, java-version:JetBrains s.r.o 1.8.0_112-release-287-b3] IdeNPSShower - NPS Shower instance has been inited
2016-11-11 18:04:31.463 INFO  [pool-4-thread-1] Licensing - === Event: getCurrentLicense
2016-11-11 18:04:31.464 INFO  [pool-4-thread-1] Licensing - Trying myJRebel licensing ..
2016-11-11 18:04:31.464 INFO  [pool-4-thread-1] Licensing-myJRebel - Querying server for subscription token ..
2016-11-11 18:04:31.466 INFO  [pool-4-thread-1] Licensing-myJRebel - Installation string to be signed: qinhulin;/home/qinhulin;PE/ROPxZX6PsUG6pXqZZjyhjoV93sQc36h2YRviSbl0=
2016-11-11 18:04:31.491 INFO  [pool-4-thread-1] Licensing-myJRebel - Contacting myJRebel server ..
2016-11-11 18:04:31.491 INFO  [pool-4-thread-1] Licensing-myJRebel - Sending HTTPS request to the server [ https://my.jrebel.com:443/headless/subscription-token ]
2016-11-11 18:04:31.501 INFO  [rebel-intellij-startup] LicenseNotifier - resumeNewNotifications
2016-11-11 18:04:31.502 INFO  [pool-6-thread-1] Licensing - === Event: getCurrentLicense
2016-11-11 18:04:31.502 INFO  [pool-6-thread-1] Licensing - Trying myJRebel licensing ..
2016-11-11 18:04:33.005 INFO  [pool-4-thread-1] Licensing-myJRebel - Request complete, status-code is 200
2016-11-11 18:04:33.007 INFO  [pool-6-thread-1] Licensing-myJRebel - Querying server for subscription token ..
2016-11-11 18:04:33.011 INFO  [pool-4-thread-1] Licensing-myJRebel - String signed by server (probably) was: '1478858672878;1478901872880;1478945072880;LICENSE_SERVER_FLAG,SOCIAL_FLAG;LIMITED_LICENSE;oNzgVClxLec=;y8W7eAoqLFE='
2016-11-11 18:04:33.012 INFO  [pool-6-thread-1] Licensing-myJRebel - Installation string to be signed: qinhulin;/home/qinhulin;PE/ROPxZX6PsUG6pXqZZjyhjoV93sQc36h2YRviSbl0=
2016-11-11 18:04:33.029 INFO  [pool-4-thread-1] Licensing-myJRebel - Signature ok!
2016-11-11 18:04:33.033 INFO  [pool-4-thread-1] Licensing - New subscription token persisted
2016-11-11 18:04:33.035 INFO  [pool-4-thread-1] Licensing-myJRebel - Valid subscription token received: com.zeroturnaround.javarebel.ar@3d2c27f6[requestResult=responseStatusSuccess,tokenCreationTime=2016-11-11,recommendedUpdateTime=2016-11-12,expirationTime=2016-11-12,productEndTime=<null>,customerFullName=Hurley Chin,randomnessFromServer=y8W7eAoqLFE=]
2016-11-11 18:04:33.036 INFO  [pool-4-thread-1] Licensing-myJRebel - String signed by server (probably) was: '1478858672878;1478901872880;1478945072880;LICENSE_SERVER_FLAG,SOCIAL_FLAG;LIMITED_LICENSE;oNzgVClxLec=;y8W7eAoqLFE='
2016-11-11 18:04:33.037 INFO  [pool-4-thread-1] Licensing-myJRebel - Signature ok!
2016-11-11 18:04:33.041 INFO  [pool-6-thread-1] Licensing-myJRebel - Contacting myJRebel server ..
2016-11-11 18:04:33.041 INFO  [pool-6-thread-1] Licensing-myJRebel - Sending HTTPS request to the server [ https://my.jrebel.com:443/headless/subscription-token ]
2016-11-11 18:04:33.041 INFO  [pool-4-thread-1] LicenseCheck - License check result true
2016-11-11 18:04:34.463 INFO  [pool-6-thread-1] Licensing-myJRebel - Request complete, status-code is 200
2016-11-11 18:04:34.464 INFO  [pool-6-thread-1] Licensing-myJRebel - String signed by server (probably) was: '1478858674335;1478901874337;1478945074337;LICENSE_SERVER_FLAG,SOCIAL_FLAG;LIMITED_LICENSE;ZIiFTfLiR+A=;T2H5AG710Y0='
2016-11-11 18:04:34.465 INFO  [pool-6-thread-1] Licensing-myJRebel - Signature ok!
2016-11-11 18:04:34.466 INFO  [pool-6-thread-1] Licensing - New subscription token persisted
2016-11-11 18:04:34.466 INFO  [pool-6-thread-1] Licensing-myJRebel - Valid subscription token received: com.zeroturnaround.javarebel.ar@1c828953[requestResult=responseStatusSuccess,tokenCreationTime=2016-11-11,recommendedUpdateTime=2016-11-12,expirationTime=2016-11-12,productEndTime=<null>,customerFullName=Hurley Chin,randomnessFromServer=T2H5AG710Y0=]
2016-11-11 18:04:34.466 INFO  [pool-6-thread-1] Licensing-myJRebel - String signed by server (probably) was: '1478858674335;1478901874337;1478945074337;LICENSE_SERVER_FLAG,SOCIAL_FLAG;LIMITED_LICENSE;ZIiFTfLiR+A=;T2H5AG710Y0='
2016-11-11 18:04:34.467 INFO  [pool-6-thread-1] Licensing-myJRebel - Signature ok!
2016-11-11 19:37:30.982 INFO  [AWT-EventQueue-0 2016.2.5#IU-162.2228.15 IDEA, eap:false, os:Linux 4.8.6-1-arch, java-version:JetBrains s.r.o 1.8.0_112-release-287-b3] StatsNotificationComponent - Number of redeploys on start: 0, saved in ide prefs: 0, can run: true
2016-11-11 19:37:30.986 INFO  [AWT-EventQueue-0 2016.2.5#IU-162.2228.15 IDEA, eap:false, os:Linux 4.8.6-1-arch, java-version:JetBrains s.r.o 1.8.0_112-release-287-b3] JRebelLicensing - addActivationFinishedListener org.zeroturnaround.jrebel.client.licensing.JRebelLicensingCLI@49dac0e0
2016-11-11 19:37:30.994 INFO  [AWT-EventQueue-0 2016.2.5#IU-162.2228.15 IDEA, eap:false, os:Linux 4.8.6-1-arch, java-version:JetBrains s.r.o 1.8.0_112-release-287-b3] IdeaLog - Java version: 1.8.0_112-release
JRebel version used: 6.5.2 (201610171405) legacy
IntelliJ IDEA IU-162.2228.15 JRebel plugin: 6.5.2

2016-11-11 19:37:31.007 INFO  [AWT-EventQueue-0 2016.2.5#IU-162.2228.15 IDEA, eap:false, os:Linux 4.8.6-1-arch, java-version:JetBrains s.r.o 1.8.0_112-release-287-b3] RebelBaseUtils - log file: jrebel-intellij.log
2016-11-11 19:37:31.007 INFO  [AWT-EventQueue-0 2016.2.5#IU-162.2228.15 IDEA, eap:false, os:Linux 4.8.6-1-arch, java-version:JetBrains s.r.o 1.8.0_112-release-287-b3] RebelBaseUtils - log file: jrebel-licensing.log
2016-11-11 19:37:31.023 INFO  [AWT-EventQueue-0 2016.2.5#IU-162.2228.15 IDEA, eap:false, os:Linux 4.8.6-1-arch, java-version:JetBrains s.r.o 1.8.0_112-release-287-b3] CommonStartup - started successfully
2016-11-11 19:37:31.025 INFO  [AWT-EventQueue-0 2016.2.5#IU-162.2228.15 IDEA, eap:false, os:Linux 4.8.6-1-arch, java-version:JetBrains s.r.o 1.8.0_112-release-287-b3] LicenseNotifier - suspendNewNotifications
2016-11-11 19:37:31.031 INFO  [AWT-EventQueue-0 2016.2.5#IU-162.2228.15 IDEA, eap:false, os:Linux 4.8.6-1-arch, java-version:JetBrains s.r.o 1.8.0_112-release-287-b3] JRebelLicensing - addActivationFinishedListener org.zeroturnaround.jrebel.ide.common.notifications.LicenseNotifier@134cff12
2016-11-11 19:37:31.127 INFO  [rebel.lwatch] Licensing - === Event: getCurrentLicense
2016-11-11 19:37:31.149 INFO  [rebel.lwatch] Licensing - Trying myJRebel licensing ..
2016-11-11 19:37:31.153 INFO  [rebel.lwatch] Licensing-myJRebel - Querying server for subscription token ..
2016-11-11 19:37:31.165 INFO  [rebel.lwatch] Licensing - Current installation GUID is PE/ROPxZX6PsUG6pXqZZjyhjoV93sQc36h2YRviSbl0=
2016-11-11 19:37:31.165 INFO  [rebel.lwatch] Licensing-myJRebel - Installation string to be signed: qinhulin;/home/qinhulin;PE/ROPxZX6PsUG6pXqZZjyhjoV93sQc36h2YRviSbl0=
2016-11-11 19:37:31.260 INFO  [rebel.lwatch] Licensing-myJRebel - Contacting myJRebel server ..
2016-11-11 19:37:31.260 INFO  [rebel.lwatch] Licensing-myJRebel - Sending HTTPS request to the server [ https://my.jrebel.com:443/headless/subscription-token ]
2016-11-11 19:37:33.087 INFO  [rebel.lwatch] Licensing-myJRebel - Request complete, status-code is 200
2016-11-11 19:37:33.116 INFO  [rebel.lwatch] Licensing-myJRebel - String signed by server (probably) was: '1478864252941;1478907452942;1478950652942;LICENSE_SERVER_FLAG,SOCIAL_FLAG;LIMITED_LICENSE;ukioEpXVokQ=;mTic99sCUuU='
2016-11-11 19:37:33.126 INFO  [rebel.lwatch] Licensing-myJRebel - Signature ok!
2016-11-11 19:37:33.132 INFO  [rebel.lwatch] Licensing - New subscription token persisted
2016-11-11 19:37:33.143 INFO  [rebel.lwatch] Licensing-myJRebel - Valid subscription token received: com.zeroturnaround.javarebel.ar@541a1b8[requestResult=responseStatusSuccess,tokenCreationTime=2016-11-11,recommendedUpdateTime=2016-11-12,expirationTime=2016-11-12,productEndTime=<null>,customerFullName=Hurley Chin,randomnessFromServer=mTic99sCUuU=]
2016-11-11 19:37:33.143 INFO  [rebel.lwatch] Licensing-myJRebel - String signed by server (probably) was: '1478864252941;1478907452942;1478950652942;LICENSE_SERVER_FLAG,SOCIAL_FLAG;LIMITED_LICENSE;ukioEpXVokQ=;mTic99sCUuU='
2016-11-11 19:37:33.145 INFO  [rebel.lwatch] Licensing-myJRebel - Signature ok!
2016-11-11 19:37:35.006 INFO  [pool-9-thread-1] NotificationServer - Using port 17434 for notification server.
2016-11-11 19:37:41.077 INFO  [AWT-EventQueue-0 2016.2.5#IU-162.2228.15 IDEA, eap:false, os:Linux 4.8.6-1-arch, java-version:JetBrains s.r.o 1.8.0_112-release-287-b3] IdeNPSShower - NPS Shower instance has been inited
2016-11-11 19:37:45.994 INFO  [pool-4-thread-1] Licensing - === Event: getCurrentLicense
2016-11-11 19:37:45.995 INFO  [pool-4-thread-1] Licensing - Trying myJRebel licensing ..
2016-11-11 19:37:45.996 INFO  [pool-4-thread-1] Licensing-myJRebel - Querying server for subscription token ..
2016-11-11 19:37:45.996 INFO  [pool-4-thread-1] Licensing-myJRebel - Installation string to be signed: qinhulin;/home/qinhulin;PE/ROPxZX6PsUG6pXqZZjyhjoV93sQc36h2YRviSbl0=
2016-11-11 19:37:46.033 INFO  [rebel-intellij-startup] LicenseNotifier - resumeNewNotifications
2016-11-11 19:37:46.036 INFO  [pool-6-thread-1] Licensing - === Event: getCurrentLicense
2016-11-11 19:37:46.036 INFO  [pool-6-thread-1] Licensing - Trying myJRebel licensing ..
2016-11-11 19:37:46.056 INFO  [pool-4-thread-1] Licensing-myJRebel - Contacting myJRebel server ..
2016-11-11 19:37:46.056 INFO  [pool-4-thread-1] Licensing-myJRebel - Sending HTTPS request to the server [ https://my.jrebel.com:443/headless/subscription-token ]
2016-11-11 19:37:47.544 INFO  [pool-4-thread-1] Licensing-myJRebel - Request complete, status-code is 200
2016-11-11 19:37:47.545 INFO  [pool-6-thread-1] Licensing-myJRebel - Querying server for subscription token ..
2016-11-11 19:37:47.546 INFO  [pool-6-thread-1] Licensing-myJRebel - Installation string to be signed: qinhulin;/home/qinhulin;PE/ROPxZX6PsUG6pXqZZjyhjoV93sQc36h2YRviSbl0=
2016-11-11 19:37:47.556 INFO  [pool-6-thread-1] Licensing-myJRebel - Contacting myJRebel server ..
2016-11-11 19:37:47.556 INFO  [pool-6-thread-1] Licensing-myJRebel - Sending HTTPS request to the server [ https://my.jrebel.com:443/headless/subscription-token ]
2016-11-11 19:37:47.564 INFO  [pool-4-thread-1] Licensing-myJRebel - String signed by server (probably) was: '1478864267420;1478907467422;1478950667422;LICENSE_SERVER_FLAG,SOCIAL_FLAG;LIMITED_LICENSE;xK86STWPv+g=;BpUne7dUArU='
2016-11-11 19:37:47.565 INFO  [pool-4-thread-1] Licensing-myJRebel - Signature ok!
2016-11-11 19:37:47.566 INFO  [pool-4-thread-1] Licensing - New subscription token persisted
2016-11-11 19:37:47.567 INFO  [pool-4-thread-1] Licensing-myJRebel - Valid subscription token received: com.zeroturnaround.javarebel.ar@5625d8f0[requestResult=responseStatusSuccess,tokenCreationTime=2016-11-11,recommendedUpdateTime=2016-11-12,expirationTime=2016-11-12,productEndTime=<null>,customerFullName=Hurley Chin,randomnessFromServer=BpUne7dUArU=]
2016-11-11 19:37:47.567 INFO  [pool-4-thread-1] Licensing-myJRebel - String signed by server (probably) was: '1478864267420;1478907467422;1478950667422;LICENSE_SERVER_FLAG,SOCIAL_FLAG;LIMITED_LICENSE;xK86STWPv+g=;BpUne7dUArU='
2016-11-11 19:37:47.567 INFO  [pool-4-thread-1] Licensing-myJRebel - Signature ok!
2016-11-11 19:37:47.570 INFO  [pool-4-thread-1] LicenseCheck - License check result true
2016-11-11 19:37:48.974 INFO  [pool-6-thread-1] Licensing-myJRebel - Request complete, status-code is 200
2016-11-11 19:37:48.975 INFO  [pool-6-thread-1] Licensing-myJRebel - String signed by server (probably) was: '1478864268849;1478907468851;1478950668851;LICENSE_SERVER_FLAG,SOCIAL_FLAG;LIMITED_LICENSE;/vHHwUxeBOI=;uXcx0fnhtmE='
2016-11-11 19:37:48.976 INFO  [pool-6-thread-1] Licensing-myJRebel - Signature ok!
2016-11-11 19:37:48.977 INFO  [pool-6-thread-1] Licensing - New subscription token persisted
2016-11-11 19:37:48.977 INFO  [pool-6-thread-1] Licensing-myJRebel - Valid subscription token received: com.zeroturnaround.javarebel.ar@3570f8f1[requestResult=responseStatusSuccess,tokenCreationTime=2016-11-11,recommendedUpdateTime=2016-11-12,expirationTime=2016-11-12,productEndTime=<null>,customerFullName=Hurley Chin,randomnessFromServer=uXcx0fnhtmE=]
2016-11-11 19:37:48.977 INFO  [pool-6-thread-1] Licensing-myJRebel - String signed by server (probably) was: '1478864268849;1478907468851;1478950668851;LICENSE_SERVER_FLAG,SOCIAL_FLAG;LIMITED_LICENSE;/vHHwUxeBOI=;uXcx0fnhtmE='
2016-11-11 19:37:48.978 INFO  [pool-6-thread-1] Licensing-myJRebel - Signature ok!
2016-11-11 19:38:15.068 INFO  [AWT-EventQueue-0 2016.2.5#IU-162.2228.15 IDEA, eap:false, os:Linux 4.8.6-1-arch, java-version:JetBrains s.r.o 1.8.0_112-release-287-b3] StatsNotificationComponent - Number of redeploys on start: 0, saved in ide prefs: 0, can run: true
2016-11-11 19:38:15.073 INFO  [AWT-EventQueue-0 2016.2.5#IU-162.2228.15 IDEA, eap:false, os:Linux 4.8.6-1-arch, java-version:JetBrains s.r.o 1.8.0_112-release-287-b3] JRebelLicensing - addActivationFinishedListener org.zeroturnaround.jrebel.client.licensing.JRebelLicensingCLI@72ee3662
2016-11-11 19:38:15.082 INFO  [AWT-EventQueue-0 2016.2.5#IU-162.2228.15 IDEA, eap:false, os:Linux 4.8.6-1-arch, java-version:JetBrains s.r.o 1.8.0_112-release-287-b3] IdeaLog - Java version: 1.8.0_112-release
JRebel version used: 6.5.2 (201610171405) legacy
IntelliJ IDEA IU-162.2228.15 JRebel plugin: 6.5.2

2016-11-11 19:38:15.092 INFO  [AWT-EventQueue-0 2016.2.5#IU-162.2228.15 IDEA, eap:false, os:Linux 4.8.6-1-arch, java-version:JetBrains s.r.o 1.8.0_112-release-287-b3] RebelBaseUtils - log file: jrebel-intellij.log
2016-11-11 19:38:15.092 INFO  [AWT-EventQueue-0 2016.2.5#IU-162.2228.15 IDEA, eap:false, os:Linux 4.8.6-1-arch, java-version:JetBrains s.r.o 1.8.0_112-release-287-b3] RebelBaseUtils - log file: jrebel-licensing.log
2016-11-11 19:38:15.107 INFO  [AWT-EventQueue-0 2016.2.5#IU-162.2228.15 IDEA, eap:false, os:Linux 4.8.6-1-arch, java-version:JetBrains s.r.o 1.8.0_112-release-287-b3] CommonStartup - started successfully
2016-11-11 19:38:15.110 INFO  [AWT-EventQueue-0 2016.2.5#IU-162.2228.15 IDEA, eap:false, os:Linux 4.8.6-1-arch, java-version:JetBrains s.r.o 1.8.0_112-release-287-b3] LicenseNotifier - suspendNewNotifications
2016-11-11 19:38:15.114 INFO  [AWT-EventQueue-0 2016.2.5#IU-162.2228.15 IDEA, eap:false, os:Linux 4.8.6-1-arch, java-version:JetBrains s.r.o 1.8.0_112-release-287-b3] JRebelLicensing - addActivationFinishedListener org.zeroturnaround.jrebel.ide.common.notifications.LicenseNotifier@47bdd8fa
2016-11-11 19:38:15.205 INFO  [rebel.lwatch] Licensing - === Event: getCurrentLicense
2016-11-11 19:38:15.215 INFO  [rebel.lwatch] Licensing - Trying myJRebel licensing ..
2016-11-11 19:38:15.217 INFO  [rebel.lwatch] Licensing-myJRebel - Querying server for subscription token ..
2016-11-11 19:38:15.226 INFO  [rebel.lwatch] Licensing - Current installation GUID is PE/ROPxZX6PsUG6pXqZZjyhjoV93sQc36h2YRviSbl0=
2016-11-11 19:38:15.226 INFO  [rebel.lwatch] Licensing-myJRebel - Installation string to be signed: qinhulin;/home/qinhulin;PE/ROPxZX6PsUG6pXqZZjyhjoV93sQc36h2YRviSbl0=
2016-11-11 19:38:15.274 INFO  [rebel.lwatch] Licensing-myJRebel - Contacting myJRebel server ..
2016-11-11 19:38:15.274 INFO  [rebel.lwatch] Licensing-myJRebel - Sending HTTPS request to the server [ https://my.jrebel.com:443/headless/subscription-token ]
2016-11-11 19:38:16.900 INFO  [rebel.lwatch] Licensing-myJRebel - Request complete, status-code is 200
2016-11-11 19:38:16.955 INFO  [rebel.lwatch] Licensing-myJRebel - String signed by server (probably) was: '1478864296759;1478907496761;1478950696761;LICENSE_SERVER_FLAG,SOCIAL_FLAG;LIMITED_LICENSE;fl81VoUipz4=;q3gNje04j9Y='
2016-11-11 19:38:16.968 INFO  [rebel.lwatch] Licensing-myJRebel - Signature ok!
2016-11-11 19:38:16.971 INFO  [rebel.lwatch] Licensing - New subscription token persisted
2016-11-11 19:38:16.990 INFO  [rebel.lwatch] Licensing-myJRebel - Valid subscription token received: com.zeroturnaround.javarebel.ar@4cec3c0a[requestResult=responseStatusSuccess,tokenCreationTime=2016-11-11,recommendedUpdateTime=2016-11-12,expirationTime=2016-11-12,productEndTime=<null>,customerFullName=Hurley Chin,randomnessFromServer=q3gNje04j9Y=]
2016-11-11 19:38:16.990 INFO  [rebel.lwatch] Licensing-myJRebel - String signed by server (probably) was: '1478864296759;1478907496761;1478950696761;LICENSE_SERVER_FLAG,SOCIAL_FLAG;LIMITED_LICENSE;fl81VoUipz4=;q3gNje04j9Y='
2016-11-11 19:38:16.991 INFO  [rebel.lwatch] Licensing-myJRebel - Signature ok!
2016-11-11 19:38:19.128 INFO  [pool-9-thread-1] NotificationServer - Using port 17434 for notification server.
2016-11-11 19:38:25.146 INFO  [AWT-EventQueue-0 2016.2.5#IU-162.2228.15 IDEA, eap:false, os:Linux 4.8.6-1-arch, java-version:JetBrains s.r.o 1.8.0_112-release-287-b3] IdeNPSShower - NPS Shower instance has been inited
2016-11-11 19:38:25.318 INFO  [LicenseDataPanelThread] Licensing - === Event: getCurrentLicense
2016-11-11 19:38:25.318 INFO  [LicenseDataPanelThread] Licensing - Trying myJRebel licensing ..
2016-11-11 19:38:25.319 INFO  [LicenseDataPanelThread] Licensing-myJRebel - Querying server for subscription token ..
2016-11-11 19:38:25.321 INFO  [LicenseDataPanelThread] Licensing-myJRebel - Installation string to be signed: qinhulin;/home/qinhulin;PE/ROPxZX6PsUG6pXqZZjyhjoV93sQc36h2YRviSbl0=
2016-11-11 19:38:25.336 INFO  [LicenseDataPanelThread] Licensing-myJRebel - Contacting myJRebel server ..
2016-11-11 19:38:25.336 INFO  [LicenseDataPanelThread] Licensing-myJRebel - Sending HTTPS request to the server [ https://my.jrebel.com:443/headless/subscription-token ]
2016-11-11 19:38:26.753 INFO  [LicenseDataPanelThread] Licensing-myJRebel - Request complete, status-code is 200
2016-11-11 19:38:26.755 INFO  [LicenseDataPanelThread] Licensing-myJRebel - String signed by server (probably) was: '1478864306628;1478907506629;1478950706629;LICENSE_SERVER_FLAG,SOCIAL_FLAG;LIMITED_LICENSE;tgymH1WcGCo=;+EFBk321vUA='
2016-11-11 19:38:26.757 INFO  [LicenseDataPanelThread] Licensing-myJRebel - Signature ok!
2016-11-11 19:38:26.758 INFO  [LicenseDataPanelThread] Licensing - New subscription token persisted
2016-11-11 19:38:26.759 INFO  [LicenseDataPanelThread] Licensing-myJRebel - Valid subscription token received: com.zeroturnaround.javarebel.ar@536984aa[requestResult=responseStatusSuccess,tokenCreationTime=2016-11-11,recommendedUpdateTime=2016-11-12,expirationTime=2016-11-12,productEndTime=<null>,customerFullName=Hurley Chin,randomnessFromServer=+EFBk321vUA=]
2016-11-11 19:38:26.759 INFO  [LicenseDataPanelThread] Licensing-myJRebel - String signed by server (probably) was: '1478864306628;1478907506629;1478950706629;LICENSE_SERVER_FLAG,SOCIAL_FLAG;LIMITED_LICENSE;tgymH1WcGCo=;+EFBk321vUA='
2016-11-11 19:38:26.760 INFO  [LicenseDataPanelThread] Licensing-myJRebel - Signature ok!
2016-11-11 19:38:30.079 INFO  [pool-4-thread-1] Licensing - === Event: getCurrentLicense
2016-11-11 19:38:30.080 INFO  [pool-4-thread-1] Licensing - Trying myJRebel licensing ..
2016-11-11 19:38:30.080 INFO  [pool-4-thread-1] Licensing-myJRebel - Querying server for subscription token ..
2016-11-11 19:38:30.080 INFO  [pool-4-thread-1] Licensing-myJRebel - Installation string to be signed: qinhulin;/home/qinhulin;PE/ROPxZX6PsUG6pXqZZjyhjoV93sQc36h2YRviSbl0=
2016-11-11 19:38:30.094 INFO  [pool-4-thread-1] Licensing-myJRebel - Contacting myJRebel server ..
2016-11-11 19:38:30.094 INFO  [pool-4-thread-1] Licensing-myJRebel - Sending HTTPS request to the server [ https://my.jrebel.com:443/headless/subscription-token ]
2016-11-11 19:38:30.111 INFO  [rebel-intellij-startup] LicenseNotifier - resumeNewNotifications
2016-11-11 19:38:30.118 INFO  [pool-6-thread-1] Licensing - === Event: getCurrentLicense
2016-11-11 19:38:30.118 INFO  [pool-6-thread-1] Licensing - Trying myJRebel licensing ..
2016-11-11 19:38:31.560 INFO  [pool-4-thread-1] Licensing-myJRebel - Request complete, status-code is 200
2016-11-11 19:38:31.561 INFO  [pool-4-thread-1] Licensing-myJRebel - String signed by server (probably) was: '1478864311436;1478907511437;1478950711437;LICENSE_SERVER_FLAG,SOCIAL_FLAG;LIMITED_LICENSE;nsFt4vkwCyY=;YXrfwdq7G6s='
2016-11-11 19:38:31.561 INFO  [pool-6-thread-1] Licensing-myJRebel - Querying server for subscription token ..
2016-11-11 19:38:31.562 INFO  [pool-6-thread-1] Licensing-myJRebel - Installation string to be signed: qinhulin;/home/qinhulin;PE/ROPxZX6PsUG6pXqZZjyhjoV93sQc36h2YRviSbl0=
2016-11-11 19:38:31.562 INFO  [pool-4-thread-1] Licensing-myJRebel - Signature ok!
2016-11-11 19:38:31.562 INFO  [pool-4-thread-1] Licensing - New subscription token persisted
2016-11-11 19:38:31.563 INFO  [pool-4-thread-1] Licensing-myJRebel - Valid subscription token received: com.zeroturnaround.javarebel.ar@3f411b28[requestResult=responseStatusSuccess,tokenCreationTime=2016-11-11,recommendedUpdateTime=2016-11-12,expirationTime=2016-11-12,productEndTime=<null>,customerFullName=Hurley Chin,randomnessFromServer=YXrfwdq7G6s=]
2016-11-11 19:38:31.563 INFO  [pool-4-thread-1] Licensing-myJRebel - String signed by server (probably) was: '1478864311436;1478907511437;1478950711437;LICENSE_SERVER_FLAG,SOCIAL_FLAG;LIMITED_LICENSE;nsFt4vkwCyY=;YXrfwdq7G6s='
2016-11-11 19:38:31.564 INFO  [pool-4-thread-1] Licensing-myJRebel - Signature ok!
2016-11-11 19:38:31.566 INFO  [pool-4-thread-1] LicenseCheck - License check result true
2016-11-11 19:38:31.567 INFO  [LicenseDataPanelThread] Licensing - === Event: getCurrentLicense
2016-11-11 19:38:31.567 INFO  [LicenseDataPanelThread] Licensing - Trying myJRebel licensing ..
2016-11-11 19:38:31.574 INFO  [pool-6-thread-1] Licensing-myJRebel - Contacting myJRebel server ..
2016-11-11 19:38:31.574 INFO  [pool-6-thread-1] Licensing-myJRebel - Sending HTTPS request to the server [ https://my.jrebel.com:443/headless/subscription-token ]
2016-11-11 19:38:32.993 INFO  [pool-6-thread-1] Licensing-myJRebel - Request complete, status-code is 200
2016-11-11 19:38:32.994 INFO  [pool-6-thread-1] Licensing-myJRebel - String signed by server (probably) was: '1478864312868;1478907512870;1478950712870;LICENSE_SERVER_FLAG,SOCIAL_FLAG;LIMITED_LICENSE;Yp7y5xJDGGw=;JpKFTCLAEkg='
2016-11-11 19:38:32.994 INFO  [LicenseDataPanelThread] Licensing-myJRebel - Querying server for subscription token ..
2016-11-11 19:38:32.994 INFO  [LicenseDataPanelThread] Licensing-myJRebel - Installation string to be signed: qinhulin;/home/qinhulin;PE/ROPxZX6PsUG6pXqZZjyhjoV93sQc36h2YRviSbl0=
2016-11-11 19:38:32.995 INFO  [pool-6-thread-1] Licensing-myJRebel - Signature ok!
2016-11-11 19:38:32.995 INFO  [pool-6-thread-1] Licensing - New subscription token persisted
2016-11-11 19:38:32.996 INFO  [pool-6-thread-1] Licensing-myJRebel - Valid subscription token received: com.zeroturnaround.javarebel.ar@3de58b5b[requestResult=responseStatusSuccess,tokenCreationTime=2016-11-11,recommendedUpdateTime=2016-11-12,expirationTime=2016-11-12,productEndTime=<null>,customerFullName=Hurley Chin,randomnessFromServer=JpKFTCLAEkg=]
2016-11-11 19:38:32.996 INFO  [pool-6-thread-1] Licensing-myJRebel - String signed by server (probably) was: '1478864312868;1478907512870;1478950712870;LICENSE_SERVER_FLAG,SOCIAL_FLAG;LIMITED_LICENSE;Yp7y5xJDGGw=;JpKFTCLAEkg='
2016-11-11 19:38:32.997 INFO  [pool-6-thread-1] Licensing-myJRebel - Signature ok!
2016-11-11 19:38:33.007 INFO  [LicenseDataPanelThread] Licensing-myJRebel - Contacting myJRebel server ..
2016-11-11 19:38:33.008 INFO  [LicenseDataPanelThread] Licensing-myJRebel - Sending HTTPS request to the server [ https://my.jrebel.com:443/headless/subscription-token ]
2016-11-11 19:38:34.444 INFO  [LicenseDataPanelThread] Licensing-myJRebel - Request complete, status-code is 200
2016-11-11 19:38:34.445 INFO  [LicenseDataPanelThread] Licensing-myJRebel - String signed by server (probably) was: '1478864314318;1478907514319;1478950714319;LICENSE_SERVER_FLAG,SOCIAL_FLAG;LIMITED_LICENSE;9wsVm1cscno=;SPqP24fZpWE='
2016-11-11 19:38:34.446 INFO  [LicenseDataPanelThread] Licensing-myJRebel - Signature ok!
2016-11-11 19:38:34.446 INFO  [LicenseDataPanelThread] Licensing - New subscription token persisted
2016-11-11 19:38:34.447 INFO  [LicenseDataPanelThread] Licensing-myJRebel - Valid subscription token received: com.zeroturnaround.javarebel.ar@82de9e2[requestResult=responseStatusSuccess,tokenCreationTime=2016-11-11,recommendedUpdateTime=2016-11-12,expirationTime=2016-11-12,productEndTime=<null>,customerFullName=Hurley Chin,randomnessFromServer=SPqP24fZpWE=]
2016-11-11 19:38:34.447 INFO  [LicenseDataPanelThread] Licensing-myJRebel - String signed by server (probably) was: '1478864314318;1478907514319;1478950714319;LICENSE_SERVER_FLAG,SOCIAL_FLAG;LIMITED_LICENSE;9wsVm1cscno=;SPqP24fZpWE='
2016-11-11 19:38:34.448 INFO  [LicenseDataPanelThread] Licensing-myJRebel - Signature ok!
2016-11-12 01:33:53.089 INFO  [AWT-EventQueue-0 2016.2.5#IU-162.2228.15 IDEA, eap:false, os:Linux 4.8.6-1-arch, java-version:JetBrains s.r.o 1.8.0_112-release-287-b3] StatsNotificationComponent - Number of redeploys on start: 0, saved in ide prefs: 0, can run: true
2016-11-12 01:33:53.146 INFO  [AWT-EventQueue-0 2016.2.5#IU-162.2228.15 IDEA, eap:false, os:Linux 4.8.6-1-arch, java-version:JetBrains s.r.o 1.8.0_112-release-287-b3] JRebelLicensing - addActivationFinishedListener org.zeroturnaround.jrebel.client.licensing.JRebelLicensingCLI@1aea43db
2016-11-12 01:33:53.158 INFO  [AWT-EventQueue-0 2016.2.5#IU-162.2228.15 IDEA, eap:false, os:Linux 4.8.6-1-arch, java-version:JetBrains s.r.o 1.8.0_112-release-287-b3] IdeaLog - Java version: 1.8.0_112-release
JRebel version used: 6.5.2 (201610171405) legacy
IntelliJ IDEA IU-162.2228.15 JRebel plugin: 6.5.2

2016-11-12 01:33:53.170 INFO  [AWT-EventQueue-0 2016.2.5#IU-162.2228.15 IDEA, eap:false, os:Linux 4.8.6-1-arch, java-version:JetBrains s.r.o 1.8.0_112-release-287-b3] RebelBaseUtils - log file: jrebel-intellij.log
2016-11-12 01:33:53.171 INFO  [AWT-EventQueue-0 2016.2.5#IU-162.2228.15 IDEA, eap:false, os:Linux 4.8.6-1-arch, java-version:JetBrains s.r.o 1.8.0_112-release-287-b3] RebelBaseUtils - log file: jrebel-licensing.log
2016-11-12 01:33:53.189 INFO  [AWT-EventQueue-0 2016.2.5#IU-162.2228.15 IDEA, eap:false, os:Linux 4.8.6-1-arch, java-version:JetBrains s.r.o 1.8.0_112-release-287-b3] CommonStartup - started successfully
2016-11-12 01:33:53.191 INFO  [AWT-EventQueue-0 2016.2.5#IU-162.2228.15 IDEA, eap:false, os:Linux 4.8.6-1-arch, java-version:JetBrains s.r.o 1.8.0_112-release-287-b3] LicenseNotifier - suspendNewNotifications
2016-11-12 01:33:53.195 INFO  [AWT-EventQueue-0 2016.2.5#IU-162.2228.15 IDEA, eap:false, os:Linux 4.8.6-1-arch, java-version:JetBrains s.r.o 1.8.0_112-release-287-b3] JRebelLicensing - addActivationFinishedListener org.zeroturnaround.jrebel.ide.common.notifications.LicenseNotifier@5aa72acd
2016-11-12 01:33:53.772 INFO  [rebel.lwatch] Licensing - === Event: getCurrentLicense
2016-11-12 01:33:53.784 INFO  [rebel.lwatch] Licensing - Trying myJRebel licensing ..
2016-11-12 01:33:53.786 INFO  [rebel.lwatch] Licensing-myJRebel - Querying server for subscription token ..
2016-11-12 01:33:54.055 INFO  [rebel.lwatch] Licensing - Current installation GUID is PE/ROPxZX6PsUG6pXqZZjyhjoV93sQc36h2YRviSbl0=
2016-11-12 01:33:54.055 INFO  [rebel.lwatch] Licensing-myJRebel - Installation string to be signed: qinhulin;/home/qinhulin;PE/ROPxZX6PsUG6pXqZZjyhjoV93sQc36h2YRviSbl0=
2016-11-12 01:33:54.088 INFO  [rebel.lwatch] Licensing-myJRebel - Contacting myJRebel server ..
2016-11-12 01:33:54.089 INFO  [rebel.lwatch] Licensing-myJRebel - Sending HTTPS request to the server [ https://my.jrebel.com:443/headless/subscription-token ]
2016-11-12 01:33:55.944 INFO  [rebel.lwatch] Licensing-myJRebel - Request complete, status-code is 200
2016-11-12 01:33:55.960 INFO  [rebel.lwatch] Licensing-myJRebel - String signed by server (probably) was: '1478885635779;1478928835781;1478972035781;LICENSE_SERVER_FLAG,SOCIAL_FLAG;LIMITED_LICENSE;SokS66WLNNg=;lspDkwO+I8k='
2016-11-12 01:33:55.966 INFO  [rebel.lwatch] Licensing-myJRebel - Signature ok!
2016-11-12 01:33:55.967 INFO  [rebel.lwatch] Licensing - New subscription token persisted
2016-11-12 01:33:55.974 INFO  [rebel.lwatch] Licensing-myJRebel - Valid subscription token received: com.zeroturnaround.javarebel.ar@7915d5f2[requestResult=responseStatusSuccess,tokenCreationTime=2016-11-12,recommendedUpdateTime=2016-11-12,expirationTime=2016-11-13,productEndTime=<null>,customerFullName=Hurley Chin,randomnessFromServer=lspDkwO+I8k=]
2016-11-12 01:33:55.975 INFO  [rebel.lwatch] Licensing-myJRebel - String signed by server (probably) was: '1478885635779;1478928835781;1478972035781;LICENSE_SERVER_FLAG,SOCIAL_FLAG;LIMITED_LICENSE;SokS66WLNNg=;lspDkwO+I8k='
2016-11-12 01:33:55.976 INFO  [rebel.lwatch] Licensing-myJRebel - Signature ok!
2016-11-12 01:34:03.208 INFO  [AWT-EventQueue-0 2016.2.5#IU-162.2228.15 IDEA, eap:false, os:Linux 4.8.6-1-arch, java-version:JetBrains s.r.o 1.8.0_112-release-287-b3] IdeNPSShower - NPS Shower instance has been inited
2016-11-12 01:34:08.155 INFO  [pool-4-thread-1] Licensing - === Event: getCurrentLicense
2016-11-12 01:34:08.156 INFO  [pool-4-thread-1] Licensing - Trying myJRebel licensing ..
2016-11-12 01:34:08.157 INFO  [pool-4-thread-1] Licensing-myJRebel - Querying server for subscription token ..
2016-11-12 01:34:08.158 INFO  [pool-4-thread-1] Licensing-myJRebel - Installation string to be signed: qinhulin;/home/qinhulin;PE/ROPxZX6PsUG6pXqZZjyhjoV93sQc36h2YRviSbl0=
2016-11-12 01:34:08.174 INFO  [pool-4-thread-1] Licensing-myJRebel - Contacting myJRebel server ..
2016-11-12 01:34:08.174 INFO  [pool-4-thread-1] Licensing-myJRebel - Sending HTTPS request to the server [ https://my.jrebel.com:443/headless/subscription-token ]
2016-11-12 01:34:08.193 INFO  [rebel-intellij-startup] LicenseNotifier - resumeNewNotifications
2016-11-12 01:34:08.196 INFO  [pool-6-thread-1] Licensing - === Event: getCurrentLicense
2016-11-12 01:34:08.196 INFO  [pool-6-thread-1] Licensing - Trying myJRebel licensing ..
2016-11-12 01:34:09.582 INFO  [pool-4-thread-1] Licensing-myJRebel - Request complete, status-code is 200
2016-11-12 01:34:09.583 INFO  [pool-6-thread-1] Licensing-myJRebel - Querying server for subscription token ..
2016-11-12 01:34:09.583 INFO  [pool-6-thread-1] Licensing-myJRebel - Installation string to be signed: qinhulin;/home/qinhulin;PE/ROPxZX6PsUG6pXqZZjyhjoV93sQc36h2YRviSbl0=
2016-11-12 01:34:09.600 INFO  [pool-4-thread-1] Licensing-myJRebel - String signed by server (probably) was: '1478885649459;1478928849461;1478972049461;LICENSE_SERVER_FLAG,SOCIAL_FLAG;LIMITED_LICENSE;FH1RpSUWCrY=;zE+s6vKN+u0='
2016-11-12 01:34:09.600 INFO  [pool-6-thread-1] Licensing-myJRebel - Contacting myJRebel server ..
2016-11-12 01:34:09.601 INFO  [pool-4-thread-1] Licensing-myJRebel - Signature ok!
2016-11-12 01:34:09.601 INFO  [pool-6-thread-1] Licensing-myJRebel - Sending HTTPS request to the server [ https://my.jrebel.com:443/headless/subscription-token ]
2016-11-12 01:34:09.603 INFO  [pool-4-thread-1] Licensing - New subscription token persisted
2016-11-12 01:34:09.604 INFO  [pool-4-thread-1] Licensing-myJRebel - Valid subscription token received: com.zeroturnaround.javarebel.ar@5572e5d6[requestResult=responseStatusSuccess,tokenCreationTime=2016-11-12,recommendedUpdateTime=2016-11-12,expirationTime=2016-11-13,productEndTime=<null>,customerFullName=Hurley Chin,randomnessFromServer=zE+s6vKN+u0=]
2016-11-12 01:34:09.604 INFO  [pool-4-thread-1] Licensing-myJRebel - String signed by server (probably) was: '1478885649459;1478928849461;1478972049461;LICENSE_SERVER_FLAG,SOCIAL_FLAG;LIMITED_LICENSE;FH1RpSUWCrY=;zE+s6vKN+u0='
2016-11-12 01:34:09.604 INFO  [pool-4-thread-1] Licensing-myJRebel - Signature ok!
2016-11-12 01:34:09.607 INFO  [pool-4-thread-1] LicenseCheck - License check result true
2016-11-12 01:34:10.086 INFO  [pool-9-thread-1] NotificationServer - Using port 17434 for notification server.
2016-11-12 01:34:11.005 INFO  [pool-6-thread-1] Licensing-myJRebel - Request complete, status-code is 200
2016-11-12 01:34:11.006 INFO  [pool-6-thread-1] Licensing-myJRebel - String signed by server (probably) was: '1478885650882;1478928850884;1478972050884;LICENSE_SERVER_FLAG,SOCIAL_FLAG;LIMITED_LICENSE;ErDKKgackQ0=;pUd4RUfK7So='
2016-11-12 01:34:11.007 INFO  [pool-6-thread-1] Licensing-myJRebel - Signature ok!
2016-11-12 01:34:11.007 INFO  [pool-6-thread-1] Licensing - New subscription token persisted
2016-11-12 01:34:11.007 INFO  [pool-6-thread-1] Licensing-myJRebel - Valid subscription token received: com.zeroturnaround.javarebel.ar@635c23fb[requestResult=responseStatusSuccess,tokenCreationTime=2016-11-12,recommendedUpdateTime=2016-11-12,expirationTime=2016-11-13,productEndTime=<null>,customerFullName=Hurley Chin,randomnessFromServer=pUd4RUfK7So=]
2016-11-12 01:34:11.007 INFO  [pool-6-thread-1] Licensing-myJRebel - String signed by server (probably) was: '1478885650882;1478928850884;1478972050884;LICENSE_SERVER_FLAG,SOCIAL_FLAG;LIMITED_LICENSE;ErDKKgackQ0=;pUd4RUfK7So='
2016-11-12 01:34:11.008 INFO  [pool-6-thread-1] Licensing-myJRebel - Signature ok!
2016-11-12 01:34:50.354 INFO  [AWT-EventQueue-0 2016.2.5#IU-162.2228.15 IDEA, eap:false, os:Linux 4.8.6-1-arch, java-version:JetBrains s.r.o 1.8.0_112-release-287-b3] StatsNotificationComponent - Number of redeploys on start: 0, saved in ide prefs: 0, can run: true
2016-11-12 01:34:50.358 INFO  [AWT-EventQueue-0 2016.2.5#IU-162.2228.15 IDEA, eap:false, os:Linux 4.8.6-1-arch, java-version:JetBrains s.r.o 1.8.0_112-release-287-b3] JRebelLicensing - addActivationFinishedListener org.zeroturnaround.jrebel.client.licensing.JRebelLicensingCLI@2354047c
2016-11-12 01:34:50.367 INFO  [AWT-EventQueue-0 2016.2.5#IU-162.2228.15 IDEA, eap:false, os:Linux 4.8.6-1-arch, java-version:JetBrains s.r.o 1.8.0_112-release-287-b3] IdeaLog - Java version: 1.8.0_112-release
JRebel version used: 6.5.2 (201610171405) legacy
IntelliJ IDEA IU-162.2228.15 JRebel plugin: 6.5.2

2016-11-12 01:34:50.375 INFO  [AWT-EventQueue-0 2016.2.5#IU-162.2228.15 IDEA, eap:false, os:Linux 4.8.6-1-arch, java-version:JetBrains s.r.o 1.8.0_112-release-287-b3] RebelBaseUtils - log file: jrebel-intellij.log
2016-11-12 01:34:50.375 INFO  [AWT-EventQueue-0 2016.2.5#IU-162.2228.15 IDEA, eap:false, os:Linux 4.8.6-1-arch, java-version:JetBrains s.r.o 1.8.0_112-release-287-b3] RebelBaseUtils - log file: jrebel-licensing.log
2016-11-12 01:34:50.390 INFO  [AWT-EventQueue-0 2016.2.5#IU-162.2228.15 IDEA, eap:false, os:Linux 4.8.6-1-arch, java-version:JetBrains s.r.o 1.8.0_112-release-287-b3] CommonStartup - started successfully
2016-11-12 01:34:50.401 INFO  [AWT-EventQueue-0 2016.2.5#IU-162.2228.15 IDEA, eap:false, os:Linux 4.8.6-1-arch, java-version:JetBrains s.r.o 1.8.0_112-release-287-b3] LicenseNotifier - suspendNewNotifications
2016-11-12 01:34:50.404 INFO  [AWT-EventQueue-0 2016.2.5#IU-162.2228.15 IDEA, eap:false, os:Linux 4.8.6-1-arch, java-version:JetBrains s.r.o 1.8.0_112-release-287-b3] JRebelLicensing - addActivationFinishedListener org.zeroturnaround.jrebel.ide.common.notifications.LicenseNotifier@185d973a
2016-11-12 01:34:50.460 INFO  [rebel.lwatch] Licensing - === Event: getCurrentLicense
2016-11-12 01:34:50.468 INFO  [rebel.lwatch] Licensing - Trying myJRebel licensing ..
2016-11-12 01:34:50.470 INFO  [rebel.lwatch] Licensing-myJRebel - Querying server for subscription token ..
2016-11-12 01:34:50.477 INFO  [rebel.lwatch] Licensing - Current installation GUID is PE/ROPxZX6PsUG6pXqZZjyhjoV93sQc36h2YRviSbl0=
2016-11-12 01:34:50.478 INFO  [rebel.lwatch] Licensing-myJRebel - Installation string to be signed: qinhulin;/home/qinhulin;PE/ROPxZX6PsUG6pXqZZjyhjoV93sQc36h2YRviSbl0=
2016-11-12 01:34:50.533 INFO  [rebel.lwatch] Licensing-myJRebel - Contacting myJRebel server ..
2016-11-12 01:34:50.533 INFO  [rebel.lwatch] Licensing-myJRebel - Sending HTTPS request to the server [ https://my.jrebel.com:443/headless/subscription-token ]
2016-11-12 01:34:52.085 INFO  [rebel.lwatch] Licensing-myJRebel - Request complete, status-code is 200
2016-11-12 01:34:52.130 INFO  [rebel.lwatch] Licensing-myJRebel - String signed by server (probably) was: '1478885691941;1478928891943;1478972091943;LICENSE_SERVER_FLAG,SOCIAL_FLAG;LIMITED_LICENSE;xVqRbC3V4Q8=;SMjvFeTTko4='
2016-11-12 01:34:52.143 INFO  [rebel.lwatch] Licensing-myJRebel - Signature ok!
2016-11-12 01:34:52.147 INFO  [rebel.lwatch] Licensing - New subscription token persisted
2016-11-12 01:34:52.153 INFO  [rebel.lwatch] Licensing-myJRebel - Valid subscription token received: com.zeroturnaround.javarebel.ar@5cd84e54[requestResult=responseStatusSuccess,tokenCreationTime=2016-11-12,recommendedUpdateTime=2016-11-12,expirationTime=2016-11-13,productEndTime=<null>,customerFullName=Hurley Chin,randomnessFromServer=SMjvFeTTko4=]
2016-11-12 01:34:52.153 INFO  [rebel.lwatch] Licensing-myJRebel - String signed by server (probably) was: '1478885691941;1478928891943;1478972091943;LICENSE_SERVER_FLAG,SOCIAL_FLAG;LIMITED_LICENSE;xVqRbC3V4Q8=;SMjvFeTTko4='
2016-11-12 01:34:52.158 INFO  [rebel.lwatch] Licensing-myJRebel - Signature ok!
2016-11-12 01:34:54.181 INFO  [pool-9-thread-1] NotificationServer - Using port 17434 for notification server.
2016-11-12 01:35:02.560 INFO  [AWT-EventQueue-0 2016.2.5#IU-162.2228.15 IDEA, eap:false, os:Linux 4.8.6-1-arch, java-version:JetBrains s.r.o 1.8.0_112-release-287-b3] IdeNPSShower - NPS Shower instance has been inited
2016-11-12 01:35:05.366 INFO  [pool-4-thread-1] Licensing - === Event: getCurrentLicense
2016-11-12 01:35:05.367 INFO  [pool-4-thread-1] Licensing - Trying myJRebel licensing ..
2016-11-12 01:35:05.368 INFO  [pool-4-thread-1] Licensing-myJRebel - Querying server for subscription token ..
2016-11-12 01:35:05.369 INFO  [pool-4-thread-1] Licensing-myJRebel - Installation string to be signed: qinhulin;/home/qinhulin;PE/ROPxZX6PsUG6pXqZZjyhjoV93sQc36h2YRviSbl0=
2016-11-12 01:35:05.386 INFO  [pool-4-thread-1] Licensing-myJRebel - Contacting myJRebel server ..
2016-11-12 01:35:05.386 INFO  [pool-4-thread-1] Licensing-myJRebel - Sending HTTPS request to the server [ https://my.jrebel.com:443/headless/subscription-token ]
2016-11-12 01:35:05.402 INFO  [rebel-intellij-startup] LicenseNotifier - resumeNewNotifications
2016-11-12 01:35:05.415 INFO  [pool-6-thread-1] Licensing - === Event: getCurrentLicense
2016-11-12 01:35:05.416 INFO  [pool-6-thread-1] Licensing - Trying myJRebel licensing ..
2016-11-12 01:35:06.836 INFO  [pool-4-thread-1] Licensing-myJRebel - Request complete, status-code is 200
2016-11-12 01:35:06.837 INFO  [pool-6-thread-1] Licensing-myJRebel - Querying server for subscription token ..
2016-11-12 01:35:06.838 INFO  [pool-6-thread-1] Licensing-myJRebel - Installation string to be signed: qinhulin;/home/qinhulin;PE/ROPxZX6PsUG6pXqZZjyhjoV93sQc36h2YRviSbl0=
2016-11-12 01:35:06.844 INFO  [pool-4-thread-1] Licensing-myJRebel - String signed by server (probably) was: '1478885706711;1478928906713;1478972106713;LICENSE_SERVER_FLAG,SOCIAL_FLAG;LIMITED_LICENSE;TCUwwNi3oSw=;KL7gRq0ATPI='
2016-11-12 01:35:06.848 INFO  [pool-4-thread-1] Licensing-myJRebel - Signature ok!
2016-11-12 01:35:06.849 INFO  [pool-4-thread-1] Licensing - New subscription token persisted
2016-11-12 01:35:06.850 INFO  [pool-4-thread-1] Licensing-myJRebel - Valid subscription token received: com.zeroturnaround.javarebel.ar@5a96b7c1[requestResult=responseStatusSuccess,tokenCreationTime=2016-11-12,recommendedUpdateTime=2016-11-12,expirationTime=2016-11-13,productEndTime=<null>,customerFullName=Hurley Chin,randomnessFromServer=KL7gRq0ATPI=]
2016-11-12 01:35:06.850 INFO  [pool-4-thread-1] Licensing-myJRebel - String signed by server (probably) was: '1478885706711;1478928906713;1478972106713;LICENSE_SERVER_FLAG,SOCIAL_FLAG;LIMITED_LICENSE;TCUwwNi3oSw=;KL7gRq0ATPI='
2016-11-12 01:35:06.851 INFO  [pool-4-thread-1] Licensing-myJRebel - Signature ok!
2016-11-12 01:35:06.856 INFO  [pool-4-thread-1] LicenseCheck - License check result true
2016-11-12 01:35:06.858 INFO  [pool-6-thread-1] Licensing-myJRebel - Contacting myJRebel server ..
2016-11-12 01:35:06.858 INFO  [pool-6-thread-1] Licensing-myJRebel - Sending HTTPS request to the server [ https://my.jrebel.com:443/headless/subscription-token ]
2016-11-12 01:35:08.268 INFO  [pool-6-thread-1] Licensing-myJRebel - Request complete, status-code is 200
2016-11-12 01:35:08.269 INFO  [pool-6-thread-1] Licensing-myJRebel - String signed by server (probably) was: '1478885708144;1478928908146;1478972108146;LICENSE_SERVER_FLAG,SOCIAL_FLAG;LIMITED_LICENSE;xMqBXUDSMwQ=;JfHJYiMMHz0='
2016-11-12 01:35:08.269 INFO  [pool-6-thread-1] Licensing-myJRebel - Signature ok!
2016-11-12 01:35:08.270 INFO  [pool-6-thread-1] Licensing - New subscription token persisted
2016-11-12 01:35:08.271 INFO  [pool-6-thread-1] Licensing-myJRebel - Valid subscription token received: com.zeroturnaround.javarebel.ar@d1894e4[requestResult=responseStatusSuccess,tokenCreationTime=2016-11-12,recommendedUpdateTime=2016-11-12,expirationTime=2016-11-13,productEndTime=<null>,customerFullName=Hurley Chin,randomnessFromServer=JfHJYiMMHz0=]
2016-11-12 01:35:08.271 INFO  [pool-6-thread-1] Licensing-myJRebel - String signed by server (probably) was: '1478885708144;1478928908146;1478972108146;LICENSE_SERVER_FLAG,SOCIAL_FLAG;LIMITED_LICENSE;xMqBXUDSMwQ=;JfHJYiMMHz0='
2016-11-12 01:35:08.272 INFO  [pool-6-thread-1] Licensing-myJRebel - Signature ok!
2016-11-12 01:36:52.363 INFO  [AWT-EventQueue-0 2016.2.5#IU-162.2228.15 IDEA, eap:false, os:Linux 4.8.6-1-arch, java-version:JetBrains s.r.o 1.8.0_112-release-287-b3] StatsNotificationComponent - Number of redeploys on start: 0, saved in ide prefs: 0, can run: true
2016-11-12 01:36:52.371 INFO  [AWT-EventQueue-0 2016.2.5#IU-162.2228.15 IDEA, eap:false, os:Linux 4.8.6-1-arch, java-version:JetBrains s.r.o 1.8.0_112-release-287-b3] JRebelLicensing - addActivationFinishedListener org.zeroturnaround.jrebel.client.licensing.JRebelLicensingCLI@7cd4c6e2
2016-11-12 01:36:52.392 INFO  [AWT-EventQueue-0 2016.2.5#IU-162.2228.15 IDEA, eap:false, os:Linux 4.8.6-1-arch, java-version:JetBrains s.r.o 1.8.0_112-release-287-b3] IdeaLog - Java version: 1.8.0_112-release
JRebel version used: 6.5.2 (201610171405) legacy
IntelliJ IDEA IU-162.2228.15 JRebel plugin: 6.5.2

2016-11-12 01:36:52.412 INFO  [AWT-EventQueue-0 2016.2.5#IU-162.2228.15 IDEA, eap:false, os:Linux 4.8.6-1-arch, java-version:JetBrains s.r.o 1.8.0_112-release-287-b3] RebelBaseUtils - log file: jrebel-intellij.log
2016-11-12 01:36:52.412 INFO  [AWT-EventQueue-0 2016.2.5#IU-162.2228.15 IDEA, eap:false, os:Linux 4.8.6-1-arch, java-version:JetBrains s.r.o 1.8.0_112-release-287-b3] RebelBaseUtils - log file: jrebel-licensing.log
2016-11-12 01:36:52.426 INFO  [AWT-EventQueue-0 2016.2.5#IU-162.2228.15 IDEA, eap:false, os:Linux 4.8.6-1-arch, java-version:JetBrains s.r.o 1.8.0_112-release-287-b3] CommonStartup - started successfully
2016-11-12 01:36:52.428 INFO  [AWT-EventQueue-0 2016.2.5#IU-162.2228.15 IDEA, eap:false, os:Linux 4.8.6-1-arch, java-version:JetBrains s.r.o 1.8.0_112-release-287-b3] LicenseNotifier - suspendNewNotifications
2016-11-12 01:36:52.431 INFO  [AWT-EventQueue-0 2016.2.5#IU-162.2228.15 IDEA, eap:false, os:Linux 4.8.6-1-arch, java-version:JetBrains s.r.o 1.8.0_112-release-287-b3] JRebelLicensing - addActivationFinishedListener org.zeroturnaround.jrebel.ide.common.notifications.LicenseNotifier@2e4274bc
2016-11-12 01:36:52.494 INFO  [rebel.lwatch] Licensing - === Event: getCurrentLicense
2016-11-12 01:36:52.504 INFO  [rebel.lwatch] Licensing - Trying myJRebel licensing ..
2016-11-12 01:36:52.508 INFO  [rebel.lwatch] Licensing-myJRebel - Querying server for subscription token ..
2016-11-12 01:36:52.521 INFO  [rebel.lwatch] Licensing - Current installation GUID is PE/ROPxZX6PsUG6pXqZZjyhjoV93sQc36h2YRviSbl0=
2016-11-12 01:36:52.521 INFO  [rebel.lwatch] Licensing-myJRebel - Installation string to be signed: qinhulin;/home/qinhulin;PE/ROPxZX6PsUG6pXqZZjyhjoV93sQc36h2YRviSbl0=
2016-11-12 01:36:52.586 INFO  [rebel.lwatch] Licensing-myJRebel - Contacting myJRebel server ..
2016-11-12 01:36:52.586 INFO  [rebel.lwatch] Licensing-myJRebel - Sending HTTPS request to the server [ https://my.jrebel.com:443/headless/subscription-token ]
2016-11-12 01:36:54.150 INFO  [rebel.lwatch] Licensing-myJRebel - Request complete, status-code is 200
2016-11-12 01:36:54.167 INFO  [rebel.lwatch] Licensing-myJRebel - String signed by server (probably) was: '1478885814015;1478929014016;1478972214016;LICENSE_SERVER_FLAG,SOCIAL_FLAG;LIMITED_LICENSE;C4YhRxh1Nyo=;cFbyLLYvEaI='
2016-11-12 01:36:54.171 INFO  [rebel.lwatch] Licensing-myJRebel - Signature ok!
2016-11-12 01:36:54.176 INFO  [rebel.lwatch] Licensing - New subscription token persisted
2016-11-12 01:36:54.181 INFO  [rebel.lwatch] Licensing-myJRebel - Valid subscription token received: com.zeroturnaround.javarebel.ar@170a90f0[requestResult=responseStatusSuccess,tokenCreationTime=2016-11-12,recommendedUpdateTime=2016-11-12,expirationTime=2016-11-13,productEndTime=<null>,customerFullName=Hurley Chin,randomnessFromServer=cFbyLLYvEaI=]
2016-11-12 01:36:54.182 INFO  [rebel.lwatch] Licensing-myJRebel - String signed by server (probably) was: '1478885814015;1478929014016;1478972214016;LICENSE_SERVER_FLAG,SOCIAL_FLAG;LIMITED_LICENSE;C4YhRxh1Nyo=;cFbyLLYvEaI='
2016-11-12 01:36:54.182 INFO  [rebel.lwatch] Licensing-myJRebel - Signature ok!
2016-11-12 01:36:56.104 INFO  [pool-9-thread-1] NotificationServer - Using port 17434 for notification server.
2016-11-12 01:37:02.450 INFO  [AWT-EventQueue-0 2016.2.5#IU-162.2228.15 IDEA, eap:false, os:Linux 4.8.6-1-arch, java-version:JetBrains s.r.o 1.8.0_112-release-287-b3] IdeNPSShower - NPS Shower instance has been inited
2016-11-12 01:37:07.408 INFO  [pool-4-thread-1] Licensing - === Event: getCurrentLicense
2016-11-12 01:37:07.409 INFO  [pool-4-thread-1] Licensing - Trying myJRebel licensing ..
2016-11-12 01:37:07.409 INFO  [pool-4-thread-1] Licensing-myJRebel - Querying server for subscription token ..
2016-11-12 01:37:07.410 INFO  [pool-4-thread-1] Licensing-myJRebel - Installation string to be signed: qinhulin;/home/qinhulin;PE/ROPxZX6PsUG6pXqZZjyhjoV93sQc36h2YRviSbl0=
2016-11-12 01:37:07.422 INFO  [pool-4-thread-1] Licensing-myJRebel - Contacting myJRebel server ..
2016-11-12 01:37:07.422 INFO  [pool-4-thread-1] Licensing-myJRebel - Sending HTTPS request to the server [ https://my.jrebel.com:443/headless/subscription-token ]
2016-11-12 01:37:07.430 INFO  [rebel-intellij-startup] LicenseNotifier - resumeNewNotifications
2016-11-12 01:37:07.432 INFO  [pool-6-thread-1] Licensing - === Event: getCurrentLicense
2016-11-12 01:37:07.432 INFO  [pool-6-thread-1] Licensing - Trying myJRebel licensing ..
2016-11-12 01:37:08.844 INFO  [pool-4-thread-1] Licensing-myJRebel - Request complete, status-code is 200
2016-11-12 01:37:08.846 INFO  [pool-6-thread-1] Licensing-myJRebel - Querying server for subscription token ..
2016-11-12 01:37:08.847 INFO  [pool-6-thread-1] Licensing-myJRebel - Installation string to be signed: qinhulin;/home/qinhulin;PE/ROPxZX6PsUG6pXqZZjyhjoV93sQc36h2YRviSbl0=
2016-11-12 01:37:08.855 INFO  [pool-4-thread-1] Licensing-myJRebel - String signed by server (probably) was: '1478885828715;1478929028717;1478972228717;LICENSE_SERVER_FLAG,SOCIAL_FLAG;LIMITED_LICENSE;9YGznw9JKDE=;Cr7QsX4gru4='
2016-11-12 01:37:08.856 INFO  [pool-4-thread-1] Licensing-myJRebel - Signature ok!
2016-11-12 01:37:08.861 INFO  [pool-4-thread-1] Licensing - New subscription token persisted
2016-11-12 01:37:08.862 INFO  [pool-4-thread-1] Licensing-myJRebel - Valid subscription token received: com.zeroturnaround.javarebel.ar@46d71771[requestResult=responseStatusSuccess,tokenCreationTime=2016-11-12,recommendedUpdateTime=2016-11-12,expirationTime=2016-11-13,productEndTime=<null>,customerFullName=Hurley Chin,randomnessFromServer=Cr7QsX4gru4=]
2016-11-12 01:37:08.863 INFO  [pool-4-thread-1] Licensing-myJRebel - String signed by server (probably) was: '1478885828715;1478929028717;1478972228717;LICENSE_SERVER_FLAG,SOCIAL_FLAG;LIMITED_LICENSE;9YGznw9JKDE=;Cr7QsX4gru4='
2016-11-12 01:37:08.864 INFO  [pool-4-thread-1] Licensing-myJRebel - Signature ok!
2016-11-12 01:37:08.865 INFO  [pool-6-thread-1] Licensing-myJRebel - Contacting myJRebel server ..
2016-11-12 01:37:08.865 INFO  [pool-6-thread-1] Licensing-myJRebel - Sending HTTPS request to the server [ https://my.jrebel.com:443/headless/subscription-token ]
2016-11-12 01:37:08.874 INFO  [pool-4-thread-1] LicenseCheck - License check result true
2016-11-12 01:37:10.283 INFO  [pool-6-thread-1] Licensing-myJRebel - Request complete, status-code is 200
2016-11-12 01:37:10.285 INFO  [pool-6-thread-1] Licensing-myJRebel - String signed by server (probably) was: '1478885830160;1478929030161;1478972230161;LICENSE_SERVER_FLAG,SOCIAL_FLAG;LIMITED_LICENSE;JdUOdbulAwE=;XmvhXoxcn6g='
2016-11-12 01:37:10.286 INFO  [pool-6-thread-1] Licensing-myJRebel - Signature ok!
2016-11-12 01:37:10.286 INFO  [pool-6-thread-1] Licensing - New subscription token persisted
2016-11-12 01:37:10.287 INFO  [pool-6-thread-1] Licensing-myJRebel - Valid subscription token received: com.zeroturnaround.javarebel.ar@7630eeaf[requestResult=responseStatusSuccess,tokenCreationTime=2016-11-12,recommendedUpdateTime=2016-11-12,expirationTime=2016-11-13,productEndTime=<null>,customerFullName=Hurley Chin,randomnessFromServer=XmvhXoxcn6g=]
2016-11-12 01:37:10.287 INFO  [pool-6-thread-1] Licensing-myJRebel - String signed by server (probably) was: '1478885830160;1478929030161;1478972230161;LICENSE_SERVER_FLAG,SOCIAL_FLAG;LIMITED_LICENSE;JdUOdbulAwE=;XmvhXoxcn6g='
2016-11-12 01:37:10.288 INFO  [pool-6-thread-1] Licensing-myJRebel - Signature ok!
